Array
(
    [accion] => inscribir_atletas
    [id_competencia] => 2
    [atletas] => ["undefined"]
)
Array
(
    [accion] => inscribir_atletas
    [id_competencia] => 2
    [atletas] => ["664568422"]
)
Array
(
    [accion] => inscribir_atletas
    [id_competencia] => 2
    [atletas] => ["664568422"]
)
Array
(
    [accion] => inscribir_atletas
    [id_competencia] => 2
    [atletas] => ["664568422"]
)
Array
(
    [accion] => inscribir_atletas
    [id_competencia] => 2
    [atletas] => ["664568422"]
)
Array
(
    [accion] => inscribir_atletas
    [id_competencia] => 2
    [atletas] => ["3331917"]
)
Array
(
    [accion] => inscribir_atletas
    [id_competencia] => 13
    [atletas] => ["26846371"]
)
Array
(
    [accion] => inscribir_atletas
    [id_competencia] => 12
    [atletas] => ["26846371"]
)
